[debug] [2019-06-25T09:31:17.898Z] ----------------------------------------------------------------------
[debug] [2019-06-25T09:31:17.900Z] Command:       C:\Program Files\nodejs\node.exe C:\Users\davron\AppData\Roaming\npm\node_modules\firebase-tools\lib\bin\firebase.js deploy
[debug] [2019-06-25T09:31:17.900Z] CLI Version:   7.0.0
[debug] [2019-06-25T09:31:17.900Z] Platform:      win32
[debug] [2019-06-25T09:31:17.900Z] Node Version:  v10.15.3
[debug] [2019-06-25T09:31:17.903Z] Time:          Tue Jun 25 2019 14:31:17 GMT+0500 (GMT+05:00)
[debug] [2019-06-25T09:31:17.903Z] ----------------------------------------------------------------------
[debug] 
[debug] [2019-06-25T09:31:17.911Z] > command requires scopes: ["email","openid","https://www.googleapis.com/auth/cloudplatformprojects.readonly","https://www.googleapis.com/auth/firebase","https://www.googleapis.com/auth/cloud-platform"]
[debug] [2019-06-25T09:31:17.911Z] > authorizing via signed-in user
[debug] [2019-06-25T09:31:17.912Z] [iam] checking project opto-bf4e3 for permissions ["firebase.projects.get","firebasehosting.sites.update"]
[debug] [2019-06-25T09:31:17.913Z] >>> HTTP REQUEST POST https://cloudresourcemanager.googleapis.com/v1/projects/opto-bf4e3:testIamPermissions  

[debug] [2019-06-25T09:31:29.127Z] Error: Client network socket disconnected before secure TLS connection was established
    at TLSSocket.onConnectEnd (_tls_wrap.js:1088:19)
    at Object.onceWrapper (events.js:277:13)
    at TLSSocket.emit (events.js:194:15)
    at TLSSocket.EventEmitter.emit (domain.js:441:20)
    at endReadableNT (_stream_readable.js:1125:12)
    at process._tickCallback (internal/process/next_tick.js:63:19)
[error] 
[error] Error: Server Error. Client network socket disconnected before secure TLS connection was established
[debug] [2019-06-25T09:35:36.531Z] ----------------------------------------------------------------------
[debug] [2019-06-25T09:35:36.533Z] Command:       C:\Program Files\nodejs\node.exe C:\Users\davron\AppData\Roaming\npm\node_modules\firebase-tools\lib\bin\firebase.js deploy
[debug] [2019-06-25T09:35:36.534Z] CLI Version:   7.0.0
[debug] [2019-06-25T09:35:36.534Z] Platform:      win32
[debug] [2019-06-25T09:35:36.534Z] Node Version:  v10.15.3
[debug] [2019-06-25T09:35:36.534Z] Time:          Tue Jun 25 2019 14:35:36 GMT+0500 (GMT+05:00)
[debug] [2019-06-25T09:35:36.534Z] ----------------------------------------------------------------------
[debug] 
[debug] [2019-06-25T09:35:36.542Z] > command requires scopes: ["email","openid","https://www.googleapis.com/auth/cloudplatformprojects.readonly","https://www.googleapis.com/auth/firebase","https://www.googleapis.com/auth/cloud-platform"]
[debug] [2019-06-25T09:35:36.543Z] > authorizing via signed-in user
[debug] [2019-06-25T09:35:36.543Z] [iam] checking project opto-bf4e3 for permissions ["firebase.projects.get","firebasehosting.sites.update"]
[debug] [2019-06-25T09:35:36.544Z] >>> HTTP REQUEST POST https://cloudresourcemanager.googleapis.com/v1/projects/opto-bf4e3:testIamPermissions  

[debug] [2019-06-25T09:35:37.838Z] <<< HTTP RESPONSE 200
[debug] [2019-06-25T09:35:37.840Z] >>> HTTP REQUEST GET https://firebase.googleapis.com/v1beta1/projects/opto-bf4e3  
 
[debug] [2019-06-25T09:36:19.908Z] Error: connect ETIMEDOUT 216.58.207.234:443
    at TCPConnectWrap.afterConnect [as oncomplete] (net.js:1097:14)
[error] 
[error] Error: Server Error. connect ETIMEDOUT 216.58.207.234:443
